<?xml version="1.0" encoding="UTF-8"?>
<testsuite xmlns:xsi="http://www.w3.org/2001/XMLSchema-instance" xsi:noNamespaceSchemaLocation="https://maven.apache.org/surefire/maven-surefire-plugin/xsd/surefire-test-report-3.0.xsd" version="3.0" name="com.example.chat.repository.MessageRepositoryTest" time="0.109" tests="5" errors="0" skipped="0" failures="0">
  <properties>
[...]
</properties>
  <testcase name="testSavePrivateMessage_notReturnedInPublicHistory" classname="com.example.chat.repository.MessageRepositoryTest" time="0.009"/>
  <testcase name="testSaveAndRetrievePublicMessage" classname="com.example.chat.repository.MessageRepositoryTest" time="0.002"/>
  <testcase name="testMultipleMessagesAreOrderedByTimestamp" classname="com.example.chat.repository.MessageRepositoryTest" time="0.012"/>
  <testcase name="testGetLastMessagesWithLimit" classname="com.example.chat.repository.MessageRepositoryTest" time="0.002"/>
  <testcase name="testRepositorySaveMessage" classname="com.example.chat.repository.MessageRepositoryTest" time="0.001"/>
</testsuite>